<?xml version="1.0" encoding="UTF-8" standalone="yes"?><!DOCTYPE report PUBLIC "-//JACOCO//DTD Report 1.1//EN" "report.dtd"><report name="Commons Email"><sessioninfo id="fl-tp-br-341-c3641489" start="1643889226365" dump="1643889227191"/><package name="org/apache/commons/mail"><class name="org/apache/commons/mail/EmailException" sourcefilename="EmailException.java"><method name="&lt;init&gt;" desc="()V" line="46"><counter type="INSTRUCTION" missed="3" covered="0"/><counter type="LINE" missed="2" covered="0"/><counter type="COMPLEXITY" missed="1" covered="0"/><counter type="METHOD" missed="1" covered="0"/></method><method name="&lt;init&gt;" desc="(Ljava/lang/String;)V" line="57"><counter type="INSTRUCTION" missed="0" covered="4"/><counter type="LINE" missed="0" covered="2"/><counter type="COMPLEXITY" missed="0" covered="1"/><counter type="METHOD" missed="0" covered="1"/></method><method name="&lt;init&gt;" desc="(Ljava/lang/Throwable;)V" line="69"><counter type="INSTRUCTION" missed="0" covered="4"/><counter type="LINE" missed="0" covered="2"/><counter type="COMPLEXITY" missed="0" covered="1"/><counter type="METHOD" missed="0" covered="1"/></method><method name="&lt;init&gt;" desc="(Ljava/lang/String;Ljava/lang/Throwable;)V" line="82"><counter type="INSTRUCTION" missed="5" covered="0"/><counter type="LINE" missed="2" covered="0"/><counter type="COMPLEXITY" missed="1" covered="0"/><counter type="METHOD" missed="1" covered="0"/></method><method name="printStackTrace" desc="()V" line="91"><counter type="INSTRUCTION" missed="4" covered="0"/><counter type="LINE" missed="2" covered="0"/><counter type="COMPLEXITY" missed="1" covered="0"/><counter type="METHOD" missed="1" covered="0"/></method><method name="printStackTrace" desc="(Ljava/io/PrintStream;)V" line="102"><counter type="INSTRUCTION" missed="19" covered="0"/><counter type="LINE" missed="5" covered="0"/><counter type="COMPLEXITY" missed="1" covered="0"/><counter type="METHOD" missed="1" covered="0"/></method><method name="printStackTrace" desc="(Ljava/io/PrintWriter;)V" line="120"><counter type="INSTRUCTION" missed="11" covered="0"/><counter type="LINE" missed="3" covered="0"/><counter type="COMPLEXITY" missed="1" covered="0"/><counter type="METHOD" missed="1" covered="0"/></method><counter type="INSTRUCTION" missed="42" covered="8"/><counter type="LINE" missed="14" covered="4"/><counter type="COMPLEXITY" missed="5" covered="2"/><counter type="METHOD" missed="5" covered="2"/><counter type="CLASS" missed="0" covered="1"/></class><class name="org/apache/commons/mail/EmailUtils" sourcefilename="EmailUtils.java"><method name="&lt;clinit&gt;" desc="()V" line="50"><counter type="INSTRUCTION" missed="0" covered="76"/><counter type="BRANCH" missed="0" covered="6"/><counter type="LINE" missed="0" covered="21"/><counter type="COMPLEXITY" missed="0" covered="4"/><counter type="METHOD" missed="0" covered="1"/></method><method name="isEmpty" desc="(Ljava/lang/String;)Z" line="123"><counter type="INSTRUCTION" missed="0" covered="9"/><counter type="BRANCH" missed="0" covered="4"/><counter type="LINE" missed="0" covered="1"/><counter type="COMPLEXITY" missed="0" covered="3"/><counter type="METHOD" missed="0" covered="1"/></method><method name="isNotEmpty" desc="(Ljava/lang/String;)Z" line="137"><counter type="INSTRUCTION" missed="0" covered="9"/><counter type="BRANCH" missed="0" covered="4"/><counter type="LINE" missed="0" covered="1"/><counter type="COMPLEXITY" missed="0" covered="3"/><counter type="METHOD" missed="0" covered="1"/></method><method name="notNull" desc="(Ljava/lang/Object;Ljava/lang/String;)V" line="153"><counter type="INSTRUCTION" missed="5" covered="3"/><counter type="BRANCH" missed="1" covered="1"/><counter type="LINE" missed="1" covered="2"/><counter type="COMPLEXITY" missed="1" covered="1"/><counter type="METHOD" missed="0" covered="1"/></method><method name="randomAlphabetic" desc="(I)Ljava/lang/String;" line="174"><counter type="INSTRUCTION" missed="9" covered="0"/><counter type="LINE" missed="1" covered="0"/><counter type="COMPLEXITY" missed="1" covered="0"/><counter type="METHOD" missed="1" covered="0"/></method><method name="random" desc="(IIIZZ[CLjava/util/Random;)Ljava/lang/String;" line="220"><counter type="INSTRUCTION" missed="95" covered="0"/><counter type="BRANCH" missed="34" covered="0"/><counter type="LINE" missed="23" covered="0"/><counter type="COMPLEXITY" missed="18" covered="0"/><counter type="METHOD" missed="1" covered="0"/></method><method name="encodeUrl" desc="(Ljava/lang/String;)Ljava/lang/String;" line="281"><counter type="INSTRUCTION" missed="72" covered="0"/><counter type="BRANCH" missed="8" covered="0"/><counter type="LINE" missed="16" covered="0"/><counter type="COMPLEXITY" missed="5" covered="0"/><counter type="METHOD" missed="1" covered="0"/></method><counter type="INSTRUCTION" missed="181" covered="97"/><counter type="BRANCH" missed="43" covered="15"/><counter type="LINE" missed="41" covered="25"/><counter type="COMPLEXITY" missed="25" covered="11"/><counter type="METHOD" missed="3" covered="4"/><counter type="CLASS" missed="0" covered="1"/></class><class name="org/apache/commons/mail/SimpleEmail" sourcefilename="SimpleEmail.java"><method name="&lt;init&gt;" desc="()V" line="26"><counter type="INSTRUCTION" missed="0" covered="3"/><counter type="LINE" missed="0" covered="1"/><counter type="COMPLEXITY" missed="0" covered="1"/><counter type="METHOD" missed="0" covered="1"/></method><method name="setMsg" desc="(Ljava/lang/String;)Lorg/apache/commons/mail/Email;" line="40"><counter type="INSTRUCTION" missed="14" covered="0"/><counter type="BRANCH" missed="2" covered="0"/><counter type="LINE" missed="4" covered="0"/><counter type="COMPLEXITY" missed="2" covered="0"/><counter type="METHOD" missed="1" covered="0"/></method><counter type="INSTRUCTION" missed="14" covered="3"/><counter type="BRANCH" missed="2" covered="0"/><counter type="LINE" missed="4" covered="1"/><counter type="COMPLEXITY" missed="2" covered="1"/><counter type="METHOD" missed="1" covered="1"/><counter type="CLASS" missed="0" covered="1"/></class><class name="org/apache/commons/mail/DefaultAuthenticator" sourcefilename="DefaultAuthenticator.java"><method name="&lt;init&gt;" desc="(Ljava/lang/String;Ljava/lang/String;)V" line="41"><counter type="INSTRUCTION" missed="10" covered="0"/><counter type="LINE" missed="3" covered="0"/><counter type="COMPLEXITY" missed="1" covered="0"/><counter type="METHOD" missed="1" covered="0"/></method><method name="getPasswordAuthentication" desc="()Ljavax/mail/PasswordAuthentication;" line="57"><counter type="INSTRUCTION" missed="3" covered="0"/><counter type="LINE" missed="1" covered="0"/><counter type="COMPLEXITY" missed="1" covered="0"/><counter type="METHOD" missed="1" covered="0"/></method><counter type="INSTRUCTION" missed="13" covered="0"/><counter type="LINE" missed="4" covered="0"/><counter type="COMPLEXITY" missed="2" covered="0"/><counter type="METHOD" missed="2" covered="0"/><counter type="CLASS" missed="1" covered="0"/></class><class name="org/apache/commons/mail/Email" sourcefilename="Email.java"><method name="&lt;init&gt;" desc="()V" line="54"><counter type="INSTRUCTION" missed="0" covered="40"/><counter type="LINE" missed="0" covered="10"/><counter type="COMPLEXITY" missed="0" covered="1"/><counter type="METHOD" missed="0" covered="1"/></method><method name="setDebug" desc="(Z)V" line="335"><counter type="INSTRUCTION" missed="4" covered="0"/><counter type="LINE" missed="2" covered="0"/><counter type="COMPLEXITY" missed="1" covered="0"/><counter type="METHOD" missed="1" covered="0"/></method><method name="setAuthentication" desc="(Ljava/lang/String;Ljava/lang/String;)V" line="353"><counter type="INSTRUCTION" missed="8" covered="0"/><counter type="LINE" missed="2" covered="0"/><counter type="COMPLEXITY" missed="1" covered="0"/><counter type="METHOD" missed="1" covered="0"/></method><method name="setAuthenticator" desc="(Ljavax/mail/Authenticator;)V" line="369"><counter type="INSTRUCTION" missed="4" covered="0"/><counter type="LINE" missed="2" covered="0"/><counter type="COMPLEXITY" missed="1" covered="0"/><counter type="METHOD" missed="1" covered="0"/></method><method name="setCharset" desc="(Ljava/lang/String;)V" line="384"><counter type="INSTRUCTION" missed="0" covered="8"/><counter type="LINE" missed="0" covered="3"/><counter type="COMPLEXITY" missed="0" covered="1"/><counter type="METHOD" missed="0" covered="1"/></method><method name="setContent" desc="(Ljavax/mail/internet/MimeMultipart;)V" line="396"><counter type="INSTRUCTION" missed="4" covered="0"/><counter type="LINE" missed="2" covered="0"/><counter type="COMPLEXITY" missed="1" covered="0"/><counter type="METHOD" missed="1" covered="0"/></method><method name="setContent" desc="(Ljava/lang/Object;Ljava/lang/String;)V" line="408"><counter type="INSTRUCTION" missed="7" covered="0"/><counter type="LINE" missed="3" covered="0"/><counter type="COMPLEXITY" missed="1" covered="0"/><counter type="METHOD" missed="1" covered="0"/></method><method name="updateContentType" desc="(Ljava/lang/String;)V" line="420"><counter type="INSTRUCTION" missed="7" covered="69"/><counter type="BRANCH" missed="3" covered="7"/><counter type="LINE" missed="3" covered="19"/><counter type="COMPLEXITY" missed="3" covered="3"/><counter type="METHOD" missed="0" covered="1"/></method><method name="setHostName" desc="(Ljava/lang/String;)V" line="473"><counter type="INSTRUCTION" missed="6" covered="0"/><counter type="LINE" missed="3" covered="0"/><counter type="COMPLEXITY" missed="1" covered="0"/><counter type="METHOD" missed="1" covered="0"/></method><method name="setTLS" desc="(Z)V" line="488"><counter type="INSTRUCTION" missed="5" covered="0"/><counter type="LINE" missed="2" covered="0"/><counter type="COMPLEXITY" missed="1" covered="0"/><counter type="METHOD" missed="1" covered="0"/></method><method name="setStartTLSEnabled" desc="(Z)Lorg/apache/commons/mail/Email;" line="500"><counter type="INSTRUCTION" missed="10" covered="0"/><counter type="LINE" missed="4" covered="0"/><counter type="COMPLEXITY" missed="1" covered="0"/><counter type="METHOD" missed="1" covered="0"/></method><method name="setStartTLSRequired" desc="(Z)Lorg/apache/commons/mail/Email;" line="515"><counter type="INSTRUCTION" missed="7" covered="0"/><counter type="LINE" missed="3" covered="0"/><counter type="COMPLEXITY" missed="1" covered="0"/><counter type="METHOD" missed="1" covered="0"/></method><method name="setSmtpPort" desc="(I)V" line="529"><counter type="INSTRUCTION" missed="23" covered="0"/><counter type="BRANCH" missed="2" covered="0"/><counter type="LINE" missed="8" covered="0"/><counter type="COMPLEXITY" missed="2" covered="0"/><counter type="METHOD" missed="1" covered="0"/></method><method name="setMailSession" desc="(Ljavax/mail/Session;)V" line="558"><counter type="INSTRUCTION" missed="50" covered="0"/><counter type="BRANCH" missed="6" covered="0"/><counter type="LINE" missed="14" covered="0"/><counter type="COMPLEXITY" missed="4" covered="0"/><counter type="METHOD" missed="1" covered="0"/></method><method name="setMailSessionFromJNDI" desc="(Ljava/lang/String;)V" line="598"><counter type="INSTRUCTION" missed="33" covered="0"/><counter type="BRANCH" missed="4" covered="0"/><counter type="LINE" missed="9" covered="0"/><counter type="COMPLEXITY" missed="3" covered="0"/><counter type="METHOD" missed="1" covered="0"/></method><method name="getMailSession" desc="()Ljavax/mail/Session;" line="627"><counter type="INSTRUCTION" missed="13" covered="162"/><counter type="BRANCH" missed="10" covered="20"/><counter type="LINE" missed="1" covered="34"/><counter type="COMPLEXITY" missed="10" covered="6"/><counter type="METHOD" missed="0" covered="1"/></method><method name="setFrom" desc="(Ljava/lang/String;)Lorg/apache/commons/mail/Email;" line="712"><counter type="INSTRUCTION" missed="0" covered="5"/><counter type="LINE" missed="0" covered="1"/><counter type="COMPLEXITY" missed="0" covered="1"/><counter type="METHOD" missed="0" covered="1"/></method><method name="setFrom" desc="(Ljava/lang/String;Ljava/lang/String;)Lorg/apache/commons/mail/Email;" line="732"><counter type="INSTRUCTION" missed="0" covered="7"/><counter type="LINE" missed="0" covered="1"/><counter type="COMPLEXITY" missed="0" covered="1"/><counter type="METHOD" missed="0" covered="1"/></method><method name="setFrom" desc="(Ljava/lang/String;Ljava/lang/String;Ljava/lang/String;)Lorg/apache/commons/mail/Email;" line="749"><counter type="INSTRUCTION" missed="0" covered="9"/><counter type="LINE" missed="0" covered="2"/><counter type="COMPLEXITY" missed="0" covered="1"/><counter type="METHOD" missed="0" covered="1"/></method><method name="addTo" desc="(Ljava/lang/String;)Lorg/apache/commons/mail/Email;" line="770"><counter type="INSTRUCTION" missed="5" covered="0"/><counter type="LINE" missed="1" covered="0"/><counter type="COMPLEXITY" missed="1" covered="0"/><counter type="METHOD" missed="1" covered="0"/></method><method name="addTo" desc="([Ljava/lang/String;)Lorg/apache/commons/mail/Email;" line="790"><counter type="INSTRUCTION" missed="33" covered="0"/><counter type="BRANCH" missed="6" covered="0"/><counter type="LINE" missed="5" covered="0"/><counter type="COMPLEXITY" missed="4" covered="0"/><counter type="METHOD" missed="1" covered="0"/></method><method name="addTo" desc="(Ljava/lang/String;Ljava/lang/String;)Lorg/apache/commons/mail/Email;" line="821"><counter type="INSTRUCTION" missed="7" covered="0"/><counter type="LINE" missed="1" covered="0"/><counter type="COMPLEXITY" missed="1" covered="0"/><counter type="METHOD" missed="1" covered="0"/></method><method name="addTo" desc="(Ljava/lang/String;Ljava/lang/String;Ljava/lang/String;)Lorg/apache/commons/mail/Email;" line="838"><counter type="INSTRUCTION" missed="11" covered="0"/><counter type="LINE" missed="2" covered="0"/><counter type="COMPLEXITY" missed="1" covered="0"/><counter type="METHOD" missed="1" covered="0"/></method><method name="setTo" desc="(Ljava/util/Collection;)Lorg/apache/commons/mail/Email;" line="855"><counter type="INSTRUCTION" missed="18" covered="0"/><counter type="BRANCH" missed="4" covered="0"/><counter type="LINE" missed="4" covered="0"/><counter type="COMPLEXITY" missed="3" covered="0"/><counter type="METHOD" missed="1" covered="0"/></method><method name="addCc" desc="(Ljava/lang/String;)Lorg/apache/commons/mail/Email;" line="880"><counter type="INSTRUCTION" missed="0" covered="5"/><counter type="LINE" missed="0" covered="1"/><counter type="COMPLEXITY" missed="0" covered="1"/><counter type="METHOD" missed="0" covered="1"/></method><method name="addCc" desc="([Ljava/lang/String;)Lorg/apache/commons/mail/Email;" line="900"><counter type="INSTRUCTION" missed="33" covered="0"/><counter type="BRANCH" missed="6" covered="0"/><counter type="LINE" missed="5" covered="0"/><counter type="COMPLEXITY" missed="4" covered="0"/><counter type="METHOD" missed="1" covered="0"/></method><method name="addCc" desc="(Ljava/lang/String;Ljava/lang/String;)Lorg/apache/commons/mail/Email;" line="930"><counter type="INSTRUCTION" missed="0" covered="7"/><counter type="LINE" missed="0" covered="1"/><counter type="COMPLEXITY" missed="0" covered="1"/><counter type="METHOD" missed="0" covered="1"/></method><method name="addCc" desc="(Ljava/lang/String;Ljava/lang/String;Ljava/lang/String;)Lorg/apache/commons/mail/Email;" line="947"><counter type="INSTRUCTION" missed="0" covered="11"/><counter type="LINE" missed="0" covered="2"/><counter type="COMPLEXITY" missed="0" covered="1"/><counter type="METHOD" missed="0" covered="1"/></method><method name="setCc" desc="(Ljava/util/Collection;)Lorg/apache/commons/mail/Email;" line="964"><counter type="INSTRUCTION" missed="18" covered="0"/><counter type="BRANCH" missed="4" covered="0"/><counter type="LINE" missed="4" covered="0"/><counter type="COMPLEXITY" missed="3" covered="0"/><counter type="METHOD" missed="1" covered="0"/></method><method name="addBcc" desc="(Ljava/lang/String;)Lorg/apache/commons/mail/Email;" line="989"><counter type="INSTRUCTION" missed="5" covered="0"/><counter type="LINE" missed="1" covered="0"/><counter type="COMPLEXITY" missed="1" covered="0"/><counter type="METHOD" missed="1" covered="0"/></method><method name="addBcc" desc="([Ljava/lang/String;)Lorg/apache/commons/mail/Email;" line="1009"><counter type="INSTRUCTION" missed="0" covered="33"/><counter type="BRANCH" missed="1" covered="5"/><counter type="LINE" missed="0" covered="5"/><counter type="COMPLEXITY" missed="1" covered="3"/><counter type="METHOD" missed="0" covered="1"/></method><method name="addBcc" desc="(Ljava/lang/String;Ljava/lang/String;)Lorg/apache/commons/mail/Email;" line="1039"><counter type="INSTRUCTION" missed="0" covered="7"/><counter type="LINE" missed="0" covered="1"/><counter type="COMPLEXITY" missed="0" covered="1"/><counter type="METHOD" missed="0" covered="1"/></method><method name="addBcc" desc="(Ljava/lang/String;Ljava/lang/String;Ljava/lang/String;)Lorg/apache/commons/mail/Email;" line="1056"><counter type="INSTRUCTION" missed="0" covered="11"/><counter type="LINE" missed="0" covered="2"/><counter type="COMPLEXITY" missed="0" covered="1"/><counter type="METHOD" missed="0" covered="1"/></method><method name="setBcc" desc="(Ljava/util/Collection;)Lorg/apache/commons/mail/Email;" line="1073"><counter type="INSTRUCTION" missed="18" covered="0"/><counter type="BRANCH" missed="4" covered="0"/><counter type="LINE" missed="4" covered="0"/><counter type="COMPLEXITY" missed="3" covered="0"/><counter type="METHOD" missed="1" covered="0"/></method><method name="addReplyTo" desc="(Ljava/lang/String;)Lorg/apache/commons/mail/Email;" line="1098"><counter type="INSTRUCTION" missed="5" covered="0"/><counter type="LINE" missed="1" covered="0"/><counter type="COMPLEXITY" missed="1" covered="0"/><counter type="METHOD" missed="1" covered="0"/></method><method name="addReplyTo" desc="(Ljava/lang/String;Ljava/lang/String;)Lorg/apache/commons/mail/Email;" line="1118"><counter type="INSTRUCTION" missed="0" covered="7"/><counter type="LINE" missed="0" covered="1"/><counter type="COMPLEXITY" missed="0" covered="1"/><counter type="METHOD" missed="0" covered="1"/></method><method name="addReplyTo" desc="(Ljava/lang/String;Ljava/lang/String;Ljava/lang/String;)Lorg/apache/commons/mail/Email;" line="1135"><counter type="INSTRUCTION" missed="0" covered="11"/><counter type="LINE" missed="0" covered="2"/><counter type="COMPLEXITY" missed="0" covered="1"/><counter type="METHOD" missed="0" covered="1"/></method><method name="setReplyTo" desc="(Ljava/util/Collection;)Lorg/apache/commons/mail/Email;" line="1152"><counter type="INSTRUCTION" missed="18" covered="0"/><counter type="BRANCH" missed="4" covered="0"/><counter type="LINE" missed="4" covered="0"/><counter type="COMPLEXITY" missed="3" covered="0"/><counter type="METHOD" missed="1" covered="0"/></method><method name="setHeaders" desc="(Ljava/util/Map;)V" line="1174"><counter type="INSTRUCTION" missed="24" covered="0"/><counter type="BRANCH" missed="2" covered="0"/><counter type="LINE" missed="4" covered="0"/><counter type="COMPLEXITY" missed="2" covered="0"/><counter type="METHOD" missed="1" covered="0"/></method><method name="addHeader" desc="(Ljava/lang/String;Ljava/lang/String;)V" line="1192"><counter type="INSTRUCTION" missed="0" covered="23"/><counter type="BRANCH" missed="0" covered="4"/><counter type="LINE" missed="0" covered="6"/><counter type="COMPLEXITY" missed="0" covered="3"/><counter type="METHOD" missed="0" covered="1"/></method><method name="setSubject" desc="(Ljava/lang/String;)Lorg/apache/commons/mail/Email;" line="1213"><counter type="INSTRUCTION" missed="5" covered="0"/><counter type="LINE" missed="2" covered="0"/><counter type="COMPLEXITY" missed="1" covered="0"/><counter type="METHOD" missed="1" covered="0"/></method><method name="setBounceAddress" desc="(Ljava/lang/String;)Lorg/apache/commons/mail/Email;" line="1230"><counter type="INSTRUCTION" missed="7" covered="0"/><counter type="LINE" missed="3" covered="0"/><counter type="COMPLEXITY" missed="1" covered="0"/><counter type="METHOD" missed="1" covered="0"/></method><method name="buildMimeMessage" desc="()V" line="1259"><counter type="INSTRUCTION" missed="67" covered="173"/><counter type="BRANCH" missed="16" covered="22"/><counter type="LINE" missed="18" covered="40"/><counter type="COMPLEXITY" missed="15" covered="5"/><counter type="METHOD" missed="0" covered="1"/></method><method name="sendMimeMessage" desc="()Ljava/lang/String;" line="1396"><counter type="INSTRUCTION" missed="21" covered="11"/><counter type="LINE" missed="6" covered="3"/><counter type="COMPLEXITY" missed="0" covered="1"/><counter type="METHOD" missed="0" covered="1"/></method><method name="getMimeMessage" desc="()Ljavax/mail/internet/MimeMessage;" line="1422"><counter type="INSTRUCTION" missed="3" covered="0"/><counter type="LINE" missed="1" covered="0"/><counter type="COMPLEXITY" missed="1" covered="0"/><counter type="METHOD" missed="1" covered="0"/></method><method name="send" desc="()Ljava/lang/String;" line="1436"><counter type="INSTRUCTION" missed="0" covered="5"/><counter type="LINE" missed="0" covered="2"/><counter type="COMPLEXITY" missed="0" covered="1"/><counter type="METHOD" missed="0" covered="1"/></method><method name="setSentDate" desc="(Ljava/util/Date;)V" line="1449"><counter type="INSTRUCTION" missed="10" covered="0"/><counter type="BRANCH" missed="2" covered="0"/><counter type="LINE" missed="3" covered="0"/><counter type="COMPLEXITY" missed="2" covered="0"/><counter type="METHOD" missed="1" covered="0"/></method><method name="getSentDate" desc="()Ljava/util/Date;" line="1464"><counter type="INSTRUCTION" missed="0" covered="14"/><counter type="BRANCH" missed="0" covered="2"/><counter type="LINE" missed="0" covered="3"/><counter type="COMPLEXITY" missed="0" covered="2"/><counter type="METHOD" missed="0" covered="1"/></method><method name="getSubject" desc="()Ljava/lang/String;" line="1478"><counter type="INSTRUCTION" missed="3" covered="0"/><counter type="LINE" missed="1" covered="0"/><counter type="COMPLEXITY" missed="1" covered="0"/><counter type="METHOD" missed="1" covered="0"/></method><method name="getFromAddress" desc="()Ljavax/mail/internet/InternetAddress;" line="1488"><counter type="INSTRUCTION" missed="3" covered="0"/><counter type="LINE" missed="1" covered="0"/><counter type="COMPLEXITY" missed="1" covered="0"/><counter type="METHOD" missed="1" covered="0"/></method><method name="getHostName" desc="()Ljava/lang/String;" line="1498"><counter type="INSTRUCTION" missed="0" covered="17"/><counter type="BRANCH" missed="0" covered="4"/><counter type="LINE" missed="0" covered="5"/><counter type="COMPLEXITY" missed="0" covered="3"/><counter type="METHOD" missed="0" covered="1"/></method><method name="getSmtpPort" desc="()Ljava/lang/String;" line="1516"><counter type="INSTRUCTION" missed="17" covered="0"/><counter type="BRANCH" missed="4" covered="0"/><counter type="LINE" missed="5" covered="0"/><counter type="COMPLEXITY" missed="3" covered="0"/><counter type="METHOD" missed="1" covered="0"/></method><method name="isStartTLSRequired" desc="()Z" line="1535"><counter type="INSTRUCTION" missed="0" covered="3"/><counter type="LINE" missed="0" covered="1"/><counter type="COMPLEXITY" missed="0" covered="1"/><counter type="METHOD" missed="0" covered="1"/></method><method name="isStartTLSEnabled" desc="()Z" line="1546"><counter type="INSTRUCTION" missed="2" covered="8"/><counter type="BRANCH" missed="2" covered="2"/><counter type="LINE" missed="0" covered="1"/><counter type="COMPLEXITY" missed="2" covered="1"/><counter type="METHOD" missed="0" covered="1"/></method><method name="isTLS" desc="()Z" line="1560"><counter type="INSTRUCTION" missed="3" covered="0"/><counter type="LINE" missed="1" covered="0"/><counter type="COMPLEXITY" missed="1" covered="0"/><counter type="METHOD" missed="1" covered="0"/></method><method name="toInternetAddressArray" desc="(Ljava/util/List;)[Ljavax/mail/internet/InternetAddress;" line="1573"><counter type="INSTRUCTION" missed="0" covered="7"/><counter type="LINE" missed="0" covered="1"/><counter type="COMPLEXITY" missed="0" covered="1"/><counter type="METHOD" missed="0" covered="1"/></method><method name="setPopBeforeSmtp" desc="(ZLjava/lang/String;Ljava/lang/String;Ljava/lang/String;)V" line="1591"><counter type="INSTRUCTION" missed="13" covered="0"/><counter type="LINE" missed="5" covered="0"/><counter type="COMPLEXITY" missed="1" covered="0"/><counter type="METHOD" missed="1" covered="0"/></method><method name="isSSL" desc="()Z" line="1607"><counter type="INSTRUCTION" missed="3" covered="0"/><counter type="LINE" missed="1" covered="0"/><counter type="COMPLEXITY" missed="1" covered="0"/><counter type="METHOD" missed="1" covered="0"/></method><method name="isSSLOnConnect" desc="()Z" line="1618"><counter type="INSTRUCTION" missed="0" covered="10"/><counter type="BRANCH" missed="1" covered="3"/><counter type="LINE" missed="0" covered="1"/><counter type="COMPLEXITY" missed="1" covered="2"/><counter type="METHOD" missed="0" covered="1"/></method><method name="setSSL" desc="(Z)V" line="1631"><counter type="INSTRUCTION" missed="5" covered="0"/><counter type="LINE" missed="2" covered="0"/><counter type="COMPLEXITY" missed="1" covered="0"/><counter type="METHOD" missed="1" covered="0"/></method><method name="setSSLOnConnect" desc="(Z)Lorg/apache/commons/mail/Email;" line="1643"><counter type="INSTRUCTION" missed="0" covered="10"/><counter type="LINE" missed="0" covered="4"/><counter type="COMPLEXITY" missed="0" covered="1"/><counter type="METHOD" missed="0" covered="1"/></method><method name="isSSLCheckServerIdentity" desc="()Z" line="1657"><counter type="INSTRUCTION" missed="0" covered="3"/><counter type="LINE" missed="0" covered="1"/><counter type="COMPLEXITY" missed="0" covered="1"/><counter type="METHOD" missed="0" covered="1"/></method><method name="setSSLCheckServerIdentity" desc="(Z)Lorg/apache/commons/mail/Email;" line="1669"><counter type="INSTRUCTION" missed="0" covered="7"/><counter type="LINE" missed="0" covered="3"/><counter type="COMPLEXITY" missed="0" covered="1"/><counter type="METHOD" missed="0" covered="1"/></method><method name="getSslSmtpPort" desc="()Ljava/lang/String;" line="1681"><counter type="INSTRUCTION" missed="17" covered="0"/><counter type="BRANCH" missed="4" covered="0"/><counter type="LINE" missed="5" covered="0"/><counter type="COMPLEXITY" missed="3" covered="0"/><counter type="METHOD" missed="1" covered="0"/></method><method name="setSslSmtpPort" desc="(Ljava/lang/String;)V" line="1700"><counter type="INSTRUCTION" missed="6" covered="0"/><counter type="LINE" missed="3" covered="0"/><counter type="COMPLEXITY" missed="1" covered="0"/><counter type="METHOD" missed="1" covered="0"/></method><method name="isSendPartial" desc="()Z" line="1712"><counter type="INSTRUCTION" missed="0" covered="3"/><counter type="LINE" missed="0" covered="1"/><counter type="COMPLEXITY" missed="0" covered="1"/><counter type="METHOD" missed="0" covered="1"/></method><method name="setSendPartial" desc="(Z)Lorg/apache/commons/mail/Email;" line="1730"><counter type="INSTRUCTION" missed="7" covered="0"/><counter type="LINE" missed="3" covered="0"/><counter type="COMPLEXITY" missed="1" covered="0"/><counter type="METHOD" missed="1" covered="0"/></method><method name="getToAddresses" desc="()Ljava/util/List;" line="1742"><counter type="INSTRUCTION" missed="3" covered="0"/><counter type="LINE" missed="1" covered="0"/><counter type="COMPLEXITY" missed="1" covered="0"/><counter type="METHOD" missed="1" covered="0"/></method><method name="getCcAddresses" desc="()Ljava/util/List;" line="1752"><counter type="INSTRUCTION" missed="3" covered="0"/><counter type="LINE" missed="1" covered="0"/><counter type="COMPLEXITY" missed="1" covered="0"/><counter type="METHOD" missed="1" covered="0"/></method><method name="getBccAddresses" desc="()Ljava/util/List;" line="1762"><counter type="INSTRUCTION" missed="3" covered="0"/><counter type="LINE" missed="1" covered="0"/><counter type="COMPLEXITY" missed="1" covered="0"/><counter type="METHOD" missed="1" covered="0"/></method><method name="getReplyToAddresses" desc="()Ljava/util/List;" line="1772"><counter type="INSTRUCTION" missed="3" covered="0"/><counter type="LINE" missed="1" covered="0"/><counter type="COMPLEXITY" missed="1" covered="0"/><counter type="METHOD" missed="1" covered="0"/></method><method name="getSocketConnectionTimeout" desc="()I" line="1783"><counter type="INSTRUCTION" missed="0" covered="3"/><counter type="LINE" missed="0" covered="1"/><counter type="COMPLEXITY" missed="0" covered="1"/><counter type="METHOD" missed="0" covered="1"/></method><method name="setSocketConnectionTimeout" desc="(I)V" line="1795"><counter type="INSTRUCTION" missed="0" covered="6"/><counter type="LINE" missed="0" covered="3"/><counter type="COMPLEXITY" missed="0" covered="1"/><counter type="METHOD" missed="0" covered="1"/></method><method name="getSocketTimeout" desc="()I" line="1807"><counter type="INSTRUCTION" missed="3" covered="0"/><counter type="LINE" missed="1" covered="0"/><counter type="COMPLEXITY" missed="1" covered="0"/><counter type="METHOD" missed="1" covered="0"/></method><method name="setSocketTimeout" desc="(I)V" line="1819"><counter type="INSTRUCTION" missed="6" covered="0"/><counter type="LINE" missed="3" covered="0"/><counter type="COMPLEXITY" missed="1" covered="0"/><counter type="METHOD" missed="1" covered="0"/></method><method name="createMimeMessage" desc="(Ljavax/mail/Session;)Ljavax/mail/internet/MimeMessage;" line="1832"><counter type="INSTRUCTION" missed="0" covered="5"/><counter type="LINE" missed="0" covered="1"/><counter type="COMPLEXITY" missed="0" covered="1"/><counter type="METHOD" missed="0" covered="1"/></method><method name="createFoldedHeaderValue" desc="(Ljava/lang/String;Ljava/lang/Object;)Ljava/lang/String;" line="1847"><counter type="INSTRUCTION" missed="14" covered="24"/><counter type="BRANCH" missed="3" covered="3"/><counter type="LINE" missed="4" covered="5"/><counter type="COMPLEXITY" missed="3" covered="1"/><counter type="METHOD" missed="0" covered="1"/></method><method name="createInternetAddress" desc="(Ljava/lang/String;Ljava/lang/String;Ljava/lang/String;)Ljavax/mail/internet/InternetAddress;" line="1880"><counter type="INSTRUCTION" missed="6" covered="36"/><counter type="BRANCH" missed="0" covered="4"/><counter type="LINE" missed="2" covered="13"/><counter type="COMPLEXITY" missed="0" covered="3"/><counter type="METHOD" missed="0" covered="1"/></method><method name="checkSessionAlreadyInitialized" desc="()V" line="1927"><counter type="INSTRUCTION" missed="5" covered="4"/><counter type="BRANCH" missed="1" covered="1"/><counter type="LINE" missed="1" covered="2"/><counter type="COMPLEXITY" missed="1" covered="1"/><counter type="METHOD" missed="0" covered="1"/></method><counter type="INSTRUCTION" missed="614" covered="764"/><counter type="BRANCH" missed="89" covered="77"/><counter type="LINE" missed="169" covered="182"/><counter type="COMPLEXITY" missed="106" covered="56"/><counter type="METHOD" missed="44" covered="35"/><counter type="CLASS" missed="0" covered="1"/></class><sourcefile name="EmailUtils.java"><line nr="50" mi="0" ci="4" mb="0" cb="0"/><line nr="70" mi="0" ci="5" mb="0" cb="0"/><line nr="75" mi="0" ci="7" mb="0" cb="2"/><line nr="77" mi="0" ci="3" mb="0" cb="0"/><line nr="79" mi="0" ci="7" mb="0" cb="2"/><line nr="81" mi="0" ci="3" mb="0" cb="0"/><line nr="84" mi="0" ci="7" mb="0" cb="2"/><line nr="86" mi="0" ci="3" mb="0" cb="0"/><line nr="90" mi="0" ci="3" mb="0" cb="0"/><line nr="91" mi="0" ci="3" mb="0" cb="0"/><line nr="92" mi="0" ci="3" mb="0" cb="0"/><line nr="93" mi="0" ci="3" mb="0" cb="0"/><line nr="94" mi="0" ci="3" mb="0" cb="0"/><line nr="95" mi="0" ci="3" mb="0" cb="0"/><line nr="96" mi="0" ci="3" mb="0" cb="0"/><line nr="97" mi="0" ci="3" mb="0" cb="0"/><line nr="98" mi="0" ci="3" mb="0" cb="0"/><line nr="99" mi="0" ci="3" mb="0" cb="0"/><line nr="100" mi="0" ci="3" mb="0" cb="0"/><line nr="101" mi="0" ci="3" mb="0" cb="0"/><line nr="102" mi="0" ci="1" mb="0" cb="0"/><line nr="123" mi="0" ci="9" mb="0" cb="4"/><line nr="137" mi="0" ci="9" mb="0" cb="4"/><line nr="153" mi="0" ci="2" mb="1" cb="1"/><line nr="155" mi="5" ci="0" mb="0" cb="0"/><line nr="157" mi="0" ci="1" mb="0" cb="0"/><line nr="174" mi="9" ci="0" mb="0" cb="0"/><line nr="220" mi="2" ci="0" mb="2" cb="0"/><line nr="222" mi="2" ci="0" mb="0" cb="0"/><line nr="224" mi="2" ci="0" mb="2" cb="0"/><line nr="226" mi="13" ci="0" mb="0" cb="0"/><line nr="229" mi="4" ci="0" mb="4" cb="0"/><line nr="231" mi="2" ci="0" mb="0" cb="0"/><line nr="232" mi="2" ci="0" mb="0" cb="0"/><line nr="234" mi="4" ci="0" mb="4" cb="0"/><line nr="236" mi="2" ci="0" mb="0" cb="0"/><line nr="237" mi="2" ci="0" mb="0" cb="0"/><line nr="241" mi="4" ci="0" mb="0" cb="0"/><line nr="242" mi="4" ci="0" mb="0" cb="0"/><line nr="244" mi="4" ci="0" mb="2" cb="0"/><line nr="248" mi="2" ci="0" mb="2" cb="0"/><line nr="250" mi="7" ci="0" mb="0" cb="0"/><line nr="251" mi="1" ci="0" mb="0" cb="0"/><line nr="254" mi="8" ci="0" mb="0" cb="0"/><line nr="257" mi="12" ci="0" mb="10" cb="0"/><line nr="258" mi="9" ci="0" mb="8" cb="0"/><line nr="260" mi="4" ci="0" mb="0" cb="0"/><line nr="261" mi="1" ci="0" mb="0" cb="0"/><line nr="264" mi="1" ci="0" mb="0" cb="0"/><line nr="268" mi="3" ci="0" mb="0" cb="0"/><line nr="281" mi="2" ci="0" mb="2" cb="0"/><line nr="283" mi="2" ci="0" mb="0" cb="0"/><line nr="286" mi="4" ci="0" mb="0" cb="0"/><line nr="287" mi="18" ci="0" mb="2" cb="0"/><line nr="289" mi="2" ci="0" mb="0" cb="0"/><line nr="290" mi="2" ci="0" mb="2" cb="0"/><line nr="292" mi="1" ci="0" mb="0" cb="0"/><line nr="294" mi="4" ci="0" mb="2" cb="0"/><line nr="296" mi="5" ci="0" mb="0" cb="0"/><line nr="297" mi="1" ci="0" mb="0" cb="0"/><line nr="300" mi="4" ci="0" mb="0" cb="0"/><line nr="301" mi="9" ci="0" mb="0" cb="0"/><line nr="302" mi="7" ci="0" mb="0" cb="0"/><line nr="303" mi="4" ci="0" mb="0" cb="0"/><line nr="304" mi="4" ci="0" mb="0" cb="0"/><line nr="307" mi="3" ci="0" mb="0" cb="0"/><counter type="INSTRUCTION" missed="181" covered="97"/><counter type="BRANCH" missed="43" covered="15"/><counter type="LINE" missed="41" covered="25"/><counter type="COMPLEXITY" missed="25" covered="11"/><counter type="METHOD" missed="3" covered="4"/><counter type="CLASS" missed="0" covered="1"/></sourcefile><sourcefile name="Email.java"><line nr="54" mi="0" ci="3" mb="0" cb="0"/><line nr="215" mi="0" ci="3" mb="0" cb="0"/><line nr="221" mi="0" ci="3" mb="0" cb="0"/><line nr="224" mi="0" ci="5" mb="0" cb="0"/><line nr="227" mi="0" ci="5" mb="0" cb="0"/><line nr="230" mi="0" ci="5" mb="0" cb="0"/><line nr="233" mi="0" ci="5" mb="0" cb="0"/><line nr="250" mi="0" ci="5" mb="0" cb="0"/><line nr="281" mi="0" ci="3" mb="0" cb="0"/><line nr="284" mi="0" ci="3" mb="0" cb="0"/><line nr="335" mi="3" ci="0" mb="0" cb="0"/><line nr="336" mi="1" ci="0" mb="0" cb="0"/><line nr="353" mi="7" ci="0" mb="0" cb="0"/><line nr="354" mi="1" ci="0" mb="0" cb="0"/><line nr="369" mi="3" ci="0" mb="0" cb="0"/><line nr="370" mi="1" ci="0" mb="0" cb="0"/><line nr="384" mi="0" ci="3" mb="0" cb="0"/><line nr="385" mi="0" ci="4" mb="0" cb="0"/><line nr="386" mi="0" ci="1" mb="0" cb="0"/><line nr="396" mi="3" ci="0" mb="0" cb="0"/><line nr="397" mi="1" ci="0" mb="0" cb="0"/><line nr="408" mi="3" ci="0" mb="0" cb="0"/><line nr="409" mi="3" ci="0" mb="0" cb="0"/><line nr="410" mi="1" ci="0" mb="0" cb="0"/><line nr="420" mi="0" ci="3" mb="0" cb="2"/><line nr="422" mi="0" ci="3" mb="0" cb="0"/><line nr="423" mi="0" ci="1" mb="0" cb="0"/><line nr="427" mi="0" ci="3" mb="0" cb="0"/><line nr="430" mi="0" ci="2" mb="0" cb="0"/><line nr="431" mi="0" ci="5" mb="0" cb="0"/><line nr="433" mi="0" ci="3" mb="0" cb="2"/><line nr="436" mi="0" ci="5" mb="0" cb="0"/><line nr="437" mi="0" ci="1" mb="0" cb="0"/><line nr="438" mi="0" ci="5" mb="0" cb="0"/><line nr="440" mi="0" ci="3" mb="1" cb="1"/><line nr="442" mi="2" ci="0" mb="0" cb="0"/><line nr="443" mi="4" ci="0" mb="0" cb="0"/><line nr="444" mi="1" ci="0" mb="0" cb="0"/><line nr="447" mi="0" ci="5" mb="0" cb="0"/><line nr="449" mi="0" ci="1" mb="0" cb="0"/><line nr="454" mi="0" ci="9" mb="2" cb="2"/><line nr="456" mi="0" ci="6" mb="0" cb="0"/><line nr="457" mi="0" ci="4" mb="0" cb="0"/><line nr="458" mi="0" ci="5" mb="0" cb="0"/><line nr="459" mi="0" ci="4" mb="0" cb="0"/><line nr="463" mi="0" ci="1" mb="0" cb="0"/><line nr="473" mi="2" ci="0" mb="0" cb="0"/><line nr="474" mi="3" ci="0" mb="0" cb="0"/><line nr="475" mi="1" ci="0" mb="0" cb="0"/><line nr="488" mi="4" ci="0" mb="0" cb="0"/><line nr="489" mi="1" ci="0" mb="0" cb="0"/><line nr="500" mi="2" ci="0" mb="0" cb="0"/><line nr="501" mi="3" ci="0" mb="0" cb="0"/><line nr="502" mi="3" ci="0" mb="0" cb="0"/><line nr="503" mi="2" ci="0" mb="0" cb="0"/><line nr="515" mi="2" ci="0" mb="0" cb="0"/><line nr="516" mi="3" ci="0" mb="0" cb="0"/><line nr="517" mi="2" ci="0" mb="0" cb="0"/><line nr="529" mi="2" ci="0" mb="0" cb="0"/><line nr="531" mi="3" ci="0" mb="2" cb="0"/><line nr="533" mi="4" ci="0" mb="0" cb="0"/><line nr="534" mi="5" ci="0" mb="0" cb="0"/><line nr="535" mi="2" ci="0" mb="0" cb="0"/><line nr="536" mi="2" ci="0" mb="0" cb="0"/><line nr="539" mi="4" ci="0" mb="0" cb="0"/><line nr="540" mi="1" ci="0" mb="0" cb="0"/><line nr="558" mi="3" ci="0" mb="0" cb="0"/><line nr="560" mi="3" ci="0" mb="0" cb="0"/><line nr="561" mi="4" ci="0" mb="0" cb="0"/><line nr="563" mi="4" ci="0" mb="2" cb="0"/><line nr="565" mi="4" ci="0" mb="0" cb="0"/><line nr="566" mi="4" ci="0" mb="0" cb="0"/><line nr="568" mi="6" ci="0" mb="4" cb="0"/><line nr="572" mi="7" ci="0" mb="0" cb="0"/><line nr="573" mi="6" ci="0" mb="0" cb="0"/><line nr="574" mi="1" ci="0" mb="0" cb="0"/><line nr="578" mi="3" ci="0" mb="0" cb="0"/><line nr="580" mi="1" ci="0" mb="0" cb="0"/><line nr="583" mi="3" ci="0" mb="0" cb="0"/><line nr="585" mi="1" ci="0" mb="0" cb="0"/><line nr="598" mi="3" ci="0" mb="2" cb="0"/><line nr="600" mi="5" ci="0" mb="0" cb="0"/><line nr="602" mi="2" ci="0" mb="0" cb="0"/><line nr="603" mi="4" ci="0" mb="2" cb="0"/><line nr="605" mi="4" ci="0" mb="0" cb="0"/><line nr="606" mi="1" ci="0" mb="0" cb="0"/><line nr="609" mi="7" ci="0" mb="0" cb="0"/><line nr="612" mi="6" ci="0" mb="0" cb="0"/><line nr="613" mi="1" ci="0" mb="0" cb="0"/><line nr="627" mi="0" ci="3" mb="0" cb="2"/><line nr="629" mi="0" ci="5" mb="0" cb="0"/><line nr="630" mi="0" ci="5" mb="0" cb="0"/><line nr="632" mi="0" ci="4" mb="0" cb="2"/><line nr="634" mi="0" ci="5" mb="0" cb="0"/><line nr="637" mi="0" ci="4" mb="0" cb="2"/><line nr="639" mi="0" ci="5" mb="0" cb="0"/><line nr="642" mi="0" ci="6" mb="0" cb="0"/><line nr="643" mi="0" ci="6" mb="0" cb="0"/><line nr="644" mi="0" ci="7" mb="0" cb="0"/><line nr="646" mi="0" ci="4" mb="0" cb="0"/><line nr="647" mi="2" ci="4" mb="1" cb="1"/><line nr="648" mi="0" ci="4" mb="0" cb="0"/><line nr="649" mi="2" ci="4" mb="1" cb="1"/><line nr="651" mi="0" ci="4" mb="0" cb="0"/><line nr="652" mi="2" ci="4" mb="1" cb="1"/><line nr="653" mi="0" ci="4" mb="0" cb="0"/><line nr="654" mi="2" ci="4" mb="1" cb="1"/><line nr="656" mi="0" ci="3" mb="1" cb="1"/><line nr="658" mi="5" ci="0" mb="0" cb="0"/><line nr="661" mi="0" ci="3" mb="0" cb="2"/><line nr="663" mi="0" ci="6" mb="0" cb="0"/><line nr="664" mi="0" ci="6" mb="0" cb="0"/><line nr="665" mi="0" ci="5" mb="0" cb="0"/><line nr="666" mi="0" ci="5" mb="0" cb="0"/><line nr="669" mi="0" ci="9" mb="2" cb="4"/><line nr="671" mi="0" ci="5" mb="0" cb="0"/><line nr="674" mi="0" ci="3" mb="1" cb="1"/><line nr="676" mi="0" ci="6" mb="0" cb="0"/><line nr="679" mi="0" ci="3" mb="1" cb="1"/><line nr="681" mi="0" ci="7" mb="0" cb="0"/><line nr="684" mi="0" ci="3" mb="1" cb="1"/><line nr="686" mi="0" ci="7" mb="0" cb="0"/><line nr="691" mi="0" ci="6" mb="0" cb="0"/><line nr="693" mi="0" ci="3" mb="0" cb="0"/><line nr="712" mi="0" ci="5" mb="0" cb="0"/><line nr="732" mi="0" ci="7" mb="0" cb="0"/><line nr="749" mi="0" ci="7" mb="0" cb="0"/><line nr="750" mi="0" ci="2" mb="0" cb="0"/><line nr="770" mi="5" ci="0" mb="0" cb="0"/><line nr="790" mi="5" ci="0" mb="4" cb="0"/><line nr="792" mi="5" ci="0" mb="0" cb="0"/><line nr="795" mi="16" ci="0" mb="2" cb="0"/><line nr="797" mi="5" ci="0" mb="0" cb="0"/><line nr="800" mi="2" ci="0" mb="0" cb="0"/><line nr="821" mi="7" ci="0" mb="0" cb="0"/><line nr="838" mi="9" ci="0" mb="0" cb="0"/><line nr="839" mi="2" ci="0" mb="0" cb="0"/><line nr="855" mi="5" ci="0" mb="4" cb="0"/><line nr="857" mi="5" ci="0" mb="0" cb="0"/><line nr="860" mi="6" ci="0" mb="0" cb="0"/><line nr="861" mi="2" ci="0" mb="0" cb="0"/><line nr="880" mi="0" ci="5" mb="0" cb="0"/><line nr="900" mi="5" ci="0" mb="4" cb="0"/><line nr="902" mi="5" ci="0" mb="0" cb="0"/><line nr="905" mi="16" ci="0" mb="2" cb="0"/><line nr="907" mi="5" ci="0" mb="0" cb="0"/><line nr="910" mi="2" ci="0" mb="0" cb="0"/><line nr="930" mi="0" ci="7" mb="0" cb="0"/><line nr="947" mi="0" ci="9" mb="0" cb="0"/><line nr="948" mi="0" ci="2" mb="0" cb="0"/><line nr="964" mi="5" ci="0" mb="4" cb="0"/><line nr="966" mi="5" ci="0" mb="0" cb="0"/><line nr="969" mi="6" ci="0" mb="0" cb="0"/><line nr="970" mi="2" ci="0" mb="0" cb="0"/><line nr="989" mi="5" ci="0" mb="0" cb="0"/><line nr="1009" mi="0" ci="5" mb="1" cb="3"/><line nr="1011" mi="0" ci="5" mb="0" cb="0"/><line nr="1014" mi="0" ci="16" mb="0" cb="2"/><line nr="1016" mi="0" ci="5" mb="0" cb="0"/><line nr="1019" mi="0" ci="2" mb="0" cb="0"/><line nr="1039" mi="0" ci="7" mb="0" cb="0"/><line nr="1056" mi="0" ci="9" mb="0" cb="0"/><line nr="1057" mi="0" ci="2" mb="0" cb="0"/><line nr="1073" mi="5" ci="0" mb="4" cb="0"/><line nr="1075" mi="5" ci="0" mb="0" cb="0"/><line nr="1078" mi="6" ci="0" mb="0" cb="0"/><line nr="1079" mi="2" ci="0" mb="0" cb="0"/><line nr="1098" mi="5" ci="0" mb="0" cb="0"/><line nr="1118" mi="0" ci="7" mb="0" cb="0"/><line nr="1135" mi="0" ci="9" mb="0" cb="0"/><line nr="1136" mi="0" ci="2" mb="0" cb="0"/><line nr="1152" mi="5" ci="0" mb="4" cb="0"/><line nr="1154" mi="5" ci="0" mb="0" cb="0"/><line nr="1157" mi="6" ci="0" mb="0" cb="0"/><line nr="1158" mi="2" ci="0" mb="0" cb="0"/><line nr="1174" mi="3" ci="0" mb="0" cb="0"/><line nr="1176" mi="12" ci="0" mb="2" cb="0"/><line nr="1178" mi="8" ci="0" mb="0" cb="0"/><line nr="1180" mi="1" ci="0" mb="0" cb="0"/><line nr="1192" mi="0" ci="3" mb="0" cb="2"/><line nr="1194" mi="0" ci="5" mb="0" cb="0"/><line nr="1196" mi="0" ci="3" mb="0" cb="2"/><line nr="1198" mi="0" ci="5" mb="0" cb="0"/><line nr="1201" mi="0" ci="6" mb="0" cb="0"/><line nr="1202" mi="0" ci="1" mb="0" cb="0"/><line nr="1213" mi="3" ci="0" mb="0" cb="0"/><line nr="1214" mi="2" ci="0" mb="0" cb="0"/><line nr="1230" mi="2" ci="0" mb="0" cb="0"/><line nr="1231" mi="3" ci="0" mb="0" cb="0"/><line nr="1232" mi="2" ci="0" mb="0" cb="0"/><line nr="1259" mi="0" ci="3" mb="0" cb="2"/><line nr="1263" mi="0" ci="5" mb="0" cb="0"/><line nr="1268" mi="0" ci="6" mb="0" cb="0"/><line nr="1270" mi="0" ci="4" mb="1" cb="1"/><line nr="1272" mi="0" ci="4" mb="0" cb="2"/><line nr="1274" mi="0" ci="7" mb="0" cb="0"/><line nr="1275" mi="0" ci="1" mb="0" cb="0"/><line nr="1278" mi="0" ci="5" mb="0" cb="0"/><line nr="1283" mi="0" ci="4" mb="0" cb="0"/><line nr="1285" mi="0" ci="3" mb="0" cb="2"/><line nr="1287" mi="0" ci="5" mb="1" cb="1"/><line nr="1288" mi="4" ci="0" mb="2" cb="0"/><line nr="1292" mi="8" ci="0" mb="0" cb="0"/><line nr="1293" mi="1" ci="0" mb="0" cb="0"/><line nr="1296" mi="0" ci="7" mb="0" cb="0"/><line nr="1298" mi="0" ci="1" mb="0" cb="0"/><line nr="1299" mi="0" ci="3" mb="1" cb="1"/><line nr="1301" mi="0" ci="3" mb="1" cb="1"/><line nr="1303" mi="5" ci="0" mb="0" cb="0"/><line nr="1304" mi="1" ci="0" mb="0" cb="0"/><line nr="1307" mi="0" ci="7" mb="0" cb="0"/><line nr="1309" mi="0" ci="1" mb="0" cb="0"/><line nr="1312" mi="4" ci="0" mb="0" cb="0"/><line nr="1315" mi="0" ci="3" mb="1" cb="1"/><line nr="1317" mi="5" ci="0" mb="0" cb="0"/><line nr="1318" mi="1" ci="0" mb="0" cb="0"/><line nr="1321" mi="0" ci="5" mb="1" cb="1"/><line nr="1323" mi="5" ci="0" mb="0" cb="0"/><line nr="1327" mi="0" ci="12" mb="1" cb="1"/><line nr="1329" mi="5" ci="0" mb="0" cb="0"/><line nr="1332" mi="0" ci="4" mb="1" cb="1"/><line nr="1334" mi="3" ci="0" mb="0" cb="0"/><line nr="1335" mi="1" ci="0" mb="0" cb="0"/><line nr="1336" mi="4" ci="0" mb="0" cb="0"/><line nr="1339" mi="0" ci="4" mb="1" cb="1"/><line nr="1341" mi="0" ci="3" mb="0" cb="0"/><line nr="1342" mi="0" ci="1" mb="0" cb="0"/><line nr="1343" mi="0" ci="4" mb="0" cb="0"/><line nr="1346" mi="0" ci="4" mb="1" cb="1"/><line nr="1348" mi="0" ci="3" mb="0" cb="0"/><line nr="1349" mi="0" ci="1" mb="0" cb="0"/><line nr="1350" mi="0" ci="4" mb="0" cb="0"/><line nr="1353" mi="0" ci="4" mb="1" cb="1"/><line nr="1355" mi="0" ci="3" mb="0" cb="0"/><line nr="1356" mi="0" ci="4" mb="0" cb="0"/><line nr="1360" mi="0" ci="4" mb="1" cb="1"/><line nr="1362" mi="0" ci="13" mb="0" cb="2"/><line nr="1364" mi="0" ci="8" mb="0" cb="0"/><line nr="1365" mi="0" ci="7" mb="0" cb="0"/><line nr="1369" mi="0" ci="4" mb="1" cb="1"/><line nr="1371" mi="0" ci="5" mb="0" cb="0"/><line nr="1374" mi="0" ci="3" mb="1" cb="1"/><line nr="1376" mi="5" ci="0" mb="0" cb="0"/><line nr="1377" mi="8" ci="0" mb="0" cb="0"/><line nr="1379" mi="1" ci="0" mb="0" cb="0"/><line nr="1380" mi="1" ci="0" mb="0" cb="0"/><line nr="1382" mi="5" ci="0" mb="0" cb="0"/><line nr="1384" mi="0" ci="1" mb="0" cb="0"/><line nr="1396" mi="0" ci="4" mb="0" cb="0"/><line nr="1400" mi="0" ci="3" mb="0" cb="0"/><line nr="1401" mi="0" ci="4" mb="0" cb="0"/><line nr="1403" mi="1" ci="0" mb="0" cb="0"/><line nr="1405" mi="6" ci="0" mb="0" cb="0"/><line nr="1406" mi="3" ci="0" mb="0" cb="0"/><line nr="1407" mi="2" ci="0" mb="0" cb="0"/><line nr="1408" mi="3" ci="0" mb="0" cb="0"/><line nr="1410" mi="6" ci="0" mb="0" cb="0"/><line nr="1422" mi="3" ci="0" mb="0" cb="0"/><line nr="1436" mi="0" ci="2" mb="0" cb="0"/><line nr="1437" mi="0" ci="3" mb="0" cb="0"/><line nr="1449" mi="2" ci="0" mb="2" cb="0"/><line nr="1452" mi="7" ci="0" mb="0" cb="0"/><line nr="1454" mi="1" ci="0" mb="0" cb="0"/><line nr="1464" mi="0" ci="3" mb="0" cb="2"/><line nr="1466" mi="0" ci="4" mb="0" cb="0"/><line nr="1468" mi="0" ci="7" mb="0" cb="0"/><line nr="1478" mi="3" ci="0" mb="0" cb="0"/><line nr="1488" mi="3" ci="0" mb="0" cb="0"/><line nr="1498" mi="0" ci="3" mb="0" cb="2"/><line nr="1500" mi="0" ci="5" mb="0" cb="0"/><line nr="1502" mi="0" ci="4" mb="0" cb="2"/><line nr="1504" mi="0" ci="3" mb="0" cb="0"/><line nr="1506" mi="0" ci="2" mb="0" cb="0"/><line nr="1516" mi="3" ci="0" mb="2" cb="0"/><line nr="1518" mi="5" ci="0" mb="0" cb="0"/><line nr="1520" mi="4" ci="0" mb="2" cb="0"/><line nr="1522" mi="3" ci="0" mb="0" cb="0"/><line nr="1524" mi="2" ci="0" mb="0" cb="0"/><line nr="1535" mi="0" ci="3" mb="0" cb="0"/><line nr="1546" mi="2" ci="8" mb="2" cb="2"/><line nr="1560" mi="3" ci="0" mb="0" cb="0"/><line nr="1573" mi="0" ci="7" mb="0" cb="0"/><line nr="1591" mi="3" ci="0" mb="0" cb="0"/><line nr="1592" mi="3" ci="0" mb="0" cb="0"/><line nr="1593" mi="3" ci="0" mb="0" cb="0"/><line nr="1594" mi="3" ci="0" mb="0" cb="0"/><line nr="1595" mi="1" ci="0" mb="0" cb="0"/><line nr="1607" mi="3" ci="0" mb="0" cb="0"/><line nr="1618" mi="0" ci="10" mb="1" cb="3"/><line nr="1631" mi="4" ci="0" mb="0" cb="0"/><line nr="1632" mi="1" ci="0" mb="0" cb="0"/><line nr="1643" mi="0" ci="2" mb="0" cb="0"/><line nr="1644" mi="0" ci="3" mb="0" cb="0"/><line nr="1645" mi="0" ci="3" mb="0" cb="0"/><line nr="1646" mi="0" ci="2" mb="0" cb="0"/><line nr="1657" mi="0" ci="3" mb="0" cb="0"/><line nr="1669" mi="0" ci="2" mb="0" cb="0"/><line nr="1670" mi="0" ci="3" mb="0" cb="0"/><line nr="1671" mi="0" ci="2" mb="0" cb="0"/><line nr="1681" mi="3" ci="0" mb="2" cb="0"/><line nr="1683" mi="5" ci="0" mb="0" cb="0"/><line nr="1685" mi="4" ci="0" mb="2" cb="0"/><line nr="1687" mi="3" ci="0" mb="0" cb="0"/><line nr="1689" mi="2" ci="0" mb="0" cb="0"/><line nr="1700" mi="2" ci="0" mb="0" cb="0"/><line nr="1701" mi="3" ci="0" mb="0" cb="0"/><line nr="1702" mi="1" ci="0" mb="0" cb="0"/><line nr="1712" mi="0" ci="3" mb="0" cb="0"/><line nr="1730" mi="2" ci="0" mb="0" cb="0"/><line nr="1731" mi="3" ci="0" mb="0" cb="0"/><line nr="1732" mi="2" ci="0" mb="0" cb="0"/><line nr="1742" mi="3" ci="0" mb="0" cb="0"/><line nr="1752" mi="3" ci="0" mb="0" cb="0"/><line nr="1762" mi="3" ci="0" mb="0" cb="0"/><line nr="1772" mi="3" ci="0" mb="0" cb="0"/><line nr="1783" mi="0" ci="3" mb="0" cb="0"/><line nr="1795" mi="0" ci="2" mb="0" cb="0"/><line nr="1796" mi="0" ci="3" mb="0" cb="0"/><line nr="1797" mi="0" ci="1" mb="0" cb="0"/><line nr="1807" mi="3" ci="0" mb="0" cb="0"/><line nr="1819" mi="2" ci="0" mb="0" cb="0"/><line nr="1820" mi="3" ci="0" mb="0" cb="0"/><line nr="1821" mi="1" ci="0" mb="0" cb="0"/><line nr="1832" mi="0" ci="5" mb="0" cb="0"/><line nr="1847" mi="0" ci="3" mb="1" cb="1"/><line nr="1849" mi="5" ci="0" mb="0" cb="0"/><line nr="1851" mi="0" ci="6" mb="2" cb="2"/><line nr="1853" mi="5" ci="0" mb="0" cb="0"/><line nr="1858" mi="0" ci="12" mb="0" cb="0"/><line nr="1859" mi="0" ci="1" mb="0" cb="0"/><line nr="1860" mi="1" ci="0" mb="0" cb="0"/><line nr="1862" mi="3" ci="0" mb="0" cb="0"/><line nr="1865" mi="0" ci="2" mb="0" cb="0"/><line nr="1880" mi="0" ci="2" mb="0" cb="0"/><line nr="1884" mi="0" ci="5" mb="0" cb="0"/><line nr="1887" mi="0" ci="3" mb="0" cb="2"/><line nr="1890" mi="0" ci="3" mb="0" cb="2"/><line nr="1892" mi="0" ci="3" mb="0" cb="0"/><line nr="1893" mi="0" ci="1" mb="0" cb="0"/><line nr="1898" mi="0" ci="3" mb="0" cb="0"/><line nr="1899" mi="0" ci="5" mb="0" cb="0"/><line nr="1905" mi="0" ci="2" mb="0" cb="0"/><line nr="1906" mi="0" ci="1" mb="0" cb="0"/><line nr="1907" mi="0" ci="1" mb="0" cb="0"/><line nr="1909" mi="0" ci="5" mb="0" cb="0"/><line nr="1911" mi="1" ci="0" mb="0" cb="0"/><line nr="1913" mi="5" ci="0" mb="0" cb="0"/><line nr="1915" mi="0" ci="2" mb="0" cb="0"/><line nr="1927" mi="0" ci="3" mb="1" cb="1"/><line nr="1929" mi="5" ci="0" mb="0" cb="0"/><line nr="1931" mi="0" ci="1" mb="0" cb="0"/><counter type="INSTRUCTION" missed="614" covered="764"/><counter type="BRANCH" missed="89" covered="77"/><counter type="LINE" missed="169" covered="182"/><counter type="COMPLEXITY" missed="106" covered="56"/><counter type="METHOD" missed="44" covered="35"/><counter type="CLASS" missed="0" covered="1"/></sourcefile><sourcefile name="DefaultAuthenticator.java"><line nr="41" mi="2" ci="0" mb="0" cb="0"/><line nr="43" mi="7" ci="0" mb="0" cb="0"/><line nr="44" mi="1" ci="0" mb="0" cb="0"/><line nr="57" mi="3" ci="0" mb="0" cb="0"/><counter type="INSTRUCTION" missed="13" covered="0"/><counter type="LINE" missed="4" covered="0"/><counter type="COMPLEXITY" missed="2" covered="0"/><counter type="METHOD" missed="2" covered="0"/><counter type="CLASS" missed="1" covered="0"/></sourcefile><sourcefile name="SimpleEmail.java"><line nr="26" mi="0" ci="3" mb="0" cb="0"/><line nr="40" mi="3" ci="0" mb="2" cb="0"/><line nr="42" mi="5" ci="0" mb="0" cb="0"/><line nr="45" mi="4" ci="0" mb="0" cb="0"/><line nr="46" mi="2" ci="0" mb="0" cb="0"/><counter type="INSTRUCTION" missed="14" covered="3"/><counter type="BRANCH" missed="2" covered="0"/><counter type="LINE" missed="4" covered="1"/><counter type="COMPLEXITY" missed="2" covered="1"/><counter type="METHOD" missed="1" covered="1"/><counter type="CLASS" missed="0" covered="1"/></sourcefile><sourcefile name="EmailException.java"><line nr="46" mi="2" ci="0" mb="0" cb="0"/><line nr="47" mi="1" ci="0" mb="0" cb="0"/><line nr="57" mi="0" ci="3" mb="0" cb="0"/><line nr="58" mi="0" ci="1" mb="0" cb="0"/><line nr="69" mi="0" ci="3" mb="0" cb="0"/><line nr="70" mi="0" ci="1" mb="0" cb="0"/><line nr="82" mi="4" ci="0" mb="0" cb="0"/><line nr="83" mi="1" ci="0" mb="0" cb="0"/><line nr="91" mi="3" ci="0" mb="0" cb="0"/><line nr="92" mi="1" ci="0" mb="0" cb="0"/><line nr="102" mi="7" ci="0" mb="0" cb="0"/><line nr="104" mi="6" ci="0" mb="0" cb="0"/><line nr="105" mi="3" ci="0" mb="0" cb="0"/><line nr="108" mi="2" ci="0" mb="0" cb="0"/><line nr="110" mi="1" ci="0" mb="0" cb="0"/><line nr="120" mi="7" ci="0" mb="0" cb="0"/><line nr="122" mi="3" ci="0" mb="0" cb="0"/><line nr="124" mi="1" ci="0" mb="0" cb="0"/><counter type="INSTRUCTION" missed="42" covered="8"/><counter type="LINE" missed="14" covered="4"/><counter type="COMPLEXITY" missed="5" covered="2"/><counter type="METHOD" missed="5" covered="2"/><counter type="CLASS" missed="0" covered="1"/></sourcefile><counter type="INSTRUCTION" missed="864" covered="872"/><counter type="BRANCH" missed="134" covered="92"/><counter type="LINE" missed="232" covered="212"/><counter type="COMPLEXITY" missed="140" covered="70"/><counter type="METHOD" missed="55" covered="42"/><counter type="CLASS" missed="1" covered="4"/></package><counter type="INSTRUCTION" missed="864" covered="872"/><counter type="BRANCH" missed="134" covered="92"/><counter type="LINE" missed="232" covered="212"/><counter type="COMPLEXITY" missed="140" covered="70"/><counter type="METHOD" missed="55" covered="42"/><counter type="CLASS" missed="1" covered="4"/></report>